<?xml version="1.0" encoding="UTF-8"?>
<testsuite xmlns:xsi="http://www.w3.org/2001/XMLSchema-instance" xsi:noNamespaceSchemaLocation="https://maven.apache.org/surefire/maven-surefire-plugin/xsd/surefire-test-report.xsd" name="org.despagnehugo.AppTest" time="0.011" tests="1" errors="0" skipped="0" failures="0">
  <properties>
    <property name="sun.desktop" value="windows"/>
    <property name="awt.toolkit" value="sun.awt.windows.WToolkit"/>
    <property name="file.encoding.pkg" value="sun.io"/>
    <property name="java.specification.version" value="1.8"/>
    <property name="sun.cpu.isalist" value="amd64"/>
    <property name="sun.jnu.encoding" value="Cp1252"/>
    <property name="java.class.path" value="D:\Alyotech\Formation\dropwizardexpedia\dropwizard-expedia\target\test-classes;D:\Alyotech\Formation\dropwizardexpedia\dropwizard-expedia\target\classes;C:\Users\hugo.despagne\.m2\repository\io\dropwizard\dropwizard-core\1.3.9\dropwizard-core-1.3.9.jar;C:\Users\hugo.despagne\.m2\repository\io\dropwizard\dropwizard-util\1.3.9\dropwizard-util-1.3.9.jar;C:\Users\hugo.despagne\.m2\repository\com\fasterxml\jackson\core\jackson-annotations\2.9.0\jackson-annotations-2.9.0.jar;C:\Users\hugo.despagne\.m2\repository\com\google\guava\guava\24.1.1-jre\guava-24.1.1-jre.jar;C:\Users\hugo.despagne\.m2\repository\org\checkerframework\checker-compat-qual\2.0.0\checker-compat-qual-2.0.0.jar;C:\Users\hugo.despagne\.m2\repository\com\google\errorprone\error_prone_annotations\2.1.3\error_prone_annotations-2.1.3.jar;C:\Users\hugo.despagne\.m2\repository\com\google\j2objc\j2objc-annotations\1.1\j2objc-annotations-1.1.jar;C:\Users\hugo.despagne\.m2\repository\org\codehaus\mojo\animal-sniffer-annotations\1.14\animal-sniffer-annotations-1.14.jar;C:\Users\hugo.despagne\.m2\repository\com\google\code\findbugs\jsr305\3.0.2\jsr305-3.0.2.jar;C:\Users\hugo.despagne\.m2\repository\joda-time\joda-time\2.10.1\joda-time-2.10.1.jar;C:\Users\hugo.despagne\.m2\repository\io\dropwizard\dropwizard-jackson\1.3.9\dropwizard-jackson-1.3.9.jar;C:\Users\hugo.despagne\.m2\repository\com\fasterxml\jackson\core\jackson-core\2.9.8\jackson-core-2.9.8.jar;C:\Users\hugo.despagne\.m2\repository\com\fasterxml\jackson\core\jackson-databind\2.9.8\jackson-databind-2.9.8.jar;C:\Users\hugo.despagne\.m2\repository\com\fasterxml\jackson\datatype\jackson-datatype-guava\2.9.8\jackson-datatype-guava-2.9.8.jar;C:\Users\hugo.despagne\.m2\repository\com\fasterxml\jackson\datatype\jackson-datatype-jsr310\2.9.8\jackson-datatype-jsr310-2.9.8.jar;C:\Users\hugo.despagne\.m2\repository\com\fasterxml\jackson\datatype\jackson-datatype-jdk8\2.9.8\jackson-datatype-jdk8-2.9.8.jar;C:\Users\hugo.despagne\.m2\repository\com\fasterxml\jackson\module\jackson-module-parameter-names\2.9.8\jackson-module-parameter-names-2.9.8.jar;C:\Users\hugo.despagne\.m2\repository\com\fasterxml\jackson\module\jackson-module-afterburner\2.9.8\jackson-module-afterburner-2.9.8.jar;C:\Users\hugo.despagne\.m2\repository\com\fasterxml\jackson\datatype\jackson-datatype-joda\2.9.8\jackson-datatype-joda-2.9.8.jar;C:\Users\hugo.despagne\.m2\repository\org\slf4j\slf4j-api\1.7.26\slf4j-api-1.7.26.jar;C:\Users\hugo.despagne\.m2\repository\io\dropwizard\dropwizard-validation\1.3.9\dropwizard-validation-1.3.9.jar;C:\Users\hugo.despagne\.m2\repository\org\hibernate\hibernate-validator\5.4.3.Final\hibernate-validator-5.4.3.Final.jar;C:\Users\hugo.despagne\.m2\repository\javax\validation\validation-api\1.1.0.Final\validation-api-1.1.0.Final.jar;C:\Users\hugo.despagne\.m2\repository\org\jboss\logging\jboss-logging\3.3.0.Final\jboss-logging-3.3.0.Final.jar;C:\Users\hugo.despagne\.m2\repository\com\fasterxml\classmate\1.3.1\classmate-1.3.1.jar;C:\Users\hugo.despagne\.m2\repository\org\glassfish\javax.el\3.0.0\javax.el-3.0.0.jar;C:\Users\hugo.despagne\.m2\repository\org\javassist\javassist\3.24.1-GA\javassist-3.24.1-GA.jar;C:\Users\hugo.despagne\.m2\repository\io\dropwizard\dropwizard-configuration\1.3.9\dropwizard-configuration-1.3.9.jar;C:\Users\hugo.despagne\.m2\repository\com\fasterxml\jackson\dataformat\jackson-dataformat-yaml\2.9.8\jackson-dataformat-yaml-2.9.8.jar;C:\Users\hugo.despagne\.m2\repository\org\yaml\snakeyaml\1.23\snakeyaml-1.23.jar;C:\Users\hugo.despagne\.m2\repository\org\apache\commons\commons-lang3\3.7\commons-lang3-3.7.jar;C:\Users\hugo.despagne\.m2\repository\org\apache\commons\commons-text\1.2\commons-text-1.2.jar;C:\Users\hugo.despagne\.m2\repository\io\dropwizard\dropwizard-logging\1.3.9\dropwizard-logging-1.3.9.jar;C:\Users\hugo.despagne\.m2\repository\io\dropwizard\metrics\metrics-logback\4.0.5\metrics-logback-4.0.5.jar;C:\Users\hugo.despagne\.m2\repository\org\slf4j\jul-to-slf4j\1.7.26\jul-to-slf4j-1.7.26.jar;C:\Users\hugo.despagne\.m2\repository\ch\qos\logback\logback-core\1.2.3\logback-core-1.2.3.jar;C:\Users\hugo.despagne\.m2\repository\ch\qos\logback\logback-classic\1.2.3\logback-classic-1.2.3.jar;C:\Users\hugo.despagne\.m2\repository\org\slf4j\log4j-over-slf4j\1.7.26\log4j-over-slf4j-1.7.26.jar;C:\Users\hugo.despagne\.m2\repository\org\slf4j\jcl-over-slf4j\1.7.26\jcl-over-slf4j-1.7.26.jar;C:\Users\hugo.despagne\.m2\repository\org\eclipse\jetty\jetty-util\9.4.14.v20181114\jetty-util-9.4.14.v20181114.jar;C:\Users\hugo.despagne\.m2\repository\io\dropwizard\dropwizard-metrics\1.3.9\dropwizard-metrics-1.3.9.jar;C:\Users\hugo.despagne\.m2\repository\io\dropwizard\dropwizard-jersey\1.3.9\dropwizard-jersey-1.3.9.jar;C:\Users\hugo.despagne\.m2\repository\org\glassfish\jersey\core\jersey-server\2.25.1\jersey-server-2.25.1.jar;C:\Users\hugo.despagne\.m2\repository\org\glassfish\jersey\core\jersey-common\2.25.1\jersey-common-2.25.1.jar;C:\Users\hugo.despagne\.m2\repository\org\glassfish\jersey\bundles\repackaged\jersey-guava\2.25.1\jersey-guava-2.25.1.jar;C:\Users\hugo.despagne\.m2\repository\org\glassfish\hk2\osgi-resource-locator\1.0.1\osgi-resource-locator-1.0.1.jar;C:\Users\hugo.despagne\.m2\repository\org\glassfish\jersey\core\jersey-client\2.25.1\jersey-client-2.25.1.jar;C:\Users\hugo.despagne\.m2\repository\javax\ws\rs\javax.ws.rs-api\2.0.1\javax.ws.rs-api-2.0.1.jar;C:\Users\hugo.despagne\.m2\repository\org\glassfish\jersey\media\jersey-media-jaxb\2.25.1\jersey-media-jaxb-2.25.1.jar;C:\Users\hugo.despagne\.m2\repository\javax\annotation\javax.annotation-api\1.2\javax.annotation-api-1.2.jar;C:\Users\hugo.despagne\.m2\repository\org\glassfish\hk2\hk2-api\2.5.0-b32\hk2-api-2.5.0-b32.jar;C:\Users\hugo.despagne\.m2\repository\org\glassfish\hk2\hk2-utils\2.5.0-b32\hk2-utils-2.5.0-b32.jar;C:\Users\hugo.despagne\.m2\repository\org\glassfish\hk2\external\aopalliance-repackaged\2.5.0-b32\aopalliance-repackaged-2.5.0-b32.jar;C:\Users\hugo.despagne\.m2\repository\org\glassfish\hk2\external\javax.inject\2.5.0-b32\javax.inject-2.5.0-b32.jar;C:\Users\hugo.despagne\.m2\repository\org\glassfish\hk2\hk2-locator\2.5.0-b32\hk2-locator-2.5.0-b32.jar;C:\Users\hugo.despagne\.m2\repository\org\glassfish\jersey\ext\jersey-metainf-services\2.25.1\jersey-metainf-services-2.25.1.jar;C:\Users\hugo.despagne\.m2\repository\org\glassfish\jersey\ext\jersey-bean-validation\2.25.1\jersey-bean-validation-2.25.1.jar;C:\Users\hugo.despagne\.m2\repository\io\dropwizard\metrics\metrics-jersey2\4.0.5\metrics-jersey2-4.0.5.jar;C:\Users\hugo.despagne\.m2\repository\com\fasterxml\jackson\jaxrs\jackson-jaxrs-json-provider\2.9.8\jackson-jaxrs-json-provider-2.9.8.jar;C:\Users\hugo.despagne\.m2\repository\com\fasterxml\jackson\jaxrs\jackson-jaxrs-base\2.9.8\jackson-jaxrs-base-2.9.8.jar;C:\Users\hugo.despagne\.m2\repository\com\fasterxml\jackson\module\jackson-module-jaxb-annotations\2.9.8\jackson-module-jaxb-annotations-2.9.8.jar;C:\Users\hugo.despagne\.m2\repository\org\glassfish\jersey\containers\jersey-container-servlet\2.25.1\jersey-container-servlet-2.25.1.jar;C:\Users\hugo.despagne\.m2\repository\org\glassfish\jersey\containers\jersey-container-servlet-core\2.25.1\jersey-container-servlet-core-2.25.1.jar;C:\Users\hugo.despagne\.m2\repository\org\eclipse\jetty\jetty-server\9.4.14.v20181114\jetty-server-9.4.14.v20181114.jar;C:\Users\hugo.despagne\.m2\repository\javax\servlet\javax.servlet-api\3.1.0\javax.servlet-api-3.1.0.jar;C:\Users\hugo.despagne\.m2\repository\org\eclipse\jetty\jetty-io\9.4.14.v20181114\jetty-io-9.4.14.v20181114.jar;C:\Users\hugo.despagne\.m2\repository\org\eclipse\jetty\jetty-webapp\9.4.14.v20181114\jetty-webapp-9.4.14.v20181114.jar;C:\Users\hugo.despagne\.m2\repository\org\eclipse\jetty\jetty-xml\9.4.14.v20181114\jetty-xml-9.4.14.v20181114.jar;C:\Users\hugo.despagne\.m2\repository\org\eclipse\jetty\jetty-continuation\9.4.14.v20181114\jetty-continuation-9.4.14.v20181114.jar;C:\Users\hugo.despagne\.m2\repository\io\dropwizard\dropwizard-servlets\1.3.9\dropwizard-servlets-1.3.9.jar;C:\Users\hugo.despagne\.m2\repository\io\dropwizard\metrics\metrics-annotation\4.0.5\metrics-annotation-4.0.5.jar;C:\Users\hugo.despagne\.m2\repository\io\dropwizard\dropwizard-jetty\1.3.9\dropwizard-jetty-1.3.9.jar;C:\Users\hugo.despagne\.m2\repository\io\dropwizard\metrics\metrics-jetty9\4.0.5\metrics-jetty9-4.0.5.jar;C:\Users\hugo.despagne\.m2\repository\org\eclipse\jetty\jetty-servlet\9.4.14.v20181114\jetty-servlet-9.4.14.v20181114.jar;C:\Users\hugo.despagne\.m2\repository\org\eclipse\jetty\jetty-security\9.4.14.v20181114\jetty-security-9.4.14.v20181114.jar;C:\Users\hugo.despagne\.m2\repository\org\eclipse\jetty\jetty-servlets\9.4.14.v20181114\jetty-servlets-9.4.14.v20181114.jar;C:\Users\hugo.despagne\.m2\repository\org\eclipse\jetty\jetty-http\9.4.14.v20181114\jetty-http-9.4.14.v20181114.jar;C:\Users\hugo.despagne\.m2\repository\io\dropwizard\dropwizard-lifecycle\1.3.9\dropwizard-lifecycle-1.3.9.jar;C:\Users\hugo.despagne\.m2\repository\io\dropwizard\metrics\metrics-core\4.0.5\metrics-core-4.0.5.jar;C:\Users\hugo.despagne\.m2\repository\io\dropwizard\metrics\metrics-jvm\4.0.5\metrics-jvm-4.0.5.jar;C:\Users\hugo.despagne\.m2\repository\io\dropwizard\metrics\metrics-jmx\4.0.5\metrics-jmx-4.0.5.jar;C:\Users\hugo.despagne\.m2\repository\io\dropwizard\metrics\metrics-servlets\4.0.5\metrics-servlets-4.0.5.jar;C:\Users\hugo.despagne\.m2\repository\io\dropwizard\metrics\metrics-json\4.0.5\metrics-json-4.0.5.jar;C:\Users\hugo.despagne\.m2\repository\com\papertrail\profiler\1.0.2\profiler-1.0.2.jar;C:\Users\hugo.despagne\.m2\repository\io\dropwizard\metrics\metrics-healthchecks\4.0.5\metrics-healthchecks-4.0.5.jar;C:\Users\hugo.despagne\.m2\repository\io\dropwizard\dropwizard-request-logging\1.3.9\dropwizard-request-logging-1.3.9.jar;C:\Users\hugo.despagne\.m2\repository\ch\qos\logback\logback-access\1.2.3\logback-access-1.2.3.jar;C:\Users\hugo.despagne\.m2\repository\net\sourceforge\argparse4j\argparse4j\0.8.1\argparse4j-0.8.1.jar;C:\Users\hugo.despagne\.m2\repository\org\eclipse\jetty\toolchain\setuid\jetty-setuid-java\1.0.3\jetty-setuid-java-1.0.3.jar;C:\Users\hugo.despagne\.m2\repository\org\json\json\20180813\json-20180813.jar;C:\Users\hugo.despagne\.m2\repository\org\junit\jupiter\junit-jupiter-engine\5.4.1\junit-jupiter-engine-5.4.1.jar;C:\Users\hugo.despagne\.m2\repository\org\apiguardian\apiguardian-api\1.0.0\apiguardian-api-1.0.0.jar;C:\Users\hugo.despagne\.m2\repository\org\junit\platform\junit-platform-engine\1.4.1\junit-platform-engine-1.4.1.jar;C:\Users\hugo.despagne\.m2\repository\org\opentest4j\opentest4j\1.1.1\opentest4j-1.1.1.jar;C:\Users\hugo.despagne\.m2\repository\org\junit\platform\junit-platform-commons\1.4.1\junit-platform-commons-1.4.1.jar;C:\Users\hugo.despagne\.m2\repository\org\junit\jupiter\junit-jupiter-api\5.4.1\junit-jupiter-api-5.4.1.jar;C:\Users\hugo.despagne\.m2\repository\org\mockito\mockito-core\2.27.0\mockito-core-2.27.0.jar;C:\Users\hugo.despagne\.m2\repository\net\bytebuddy\byte-buddy\1.9.10\byte-buddy-1.9.10.jar;C:\Users\hugo.despagne\.m2\repository\net\bytebuddy\byte-buddy-agent\1.9.10\byte-buddy-agent-1.9.10.jar;C:\Users\hugo.despagne\.m2\repository\org\objenesis\objenesis\2.6\objenesis-2.6.jar;C:\Users\hugo.despagne\.m2\repository\org\assertj\assertj-core\3.12.2\assertj-core-3.12.2.jar;"/>
    <property name="java.vm.vendor" value="Oracle Corporation"/>
    <property name="sun.arch.data.model" value="64"/>
    <property name="user.variant" value=""/>
    <property name="java.vendor.url" value="http://java.oracle.com/"/>
    <property name="user.timezone" value="Europe/Paris"/>
    <property name="java.vm.specification.version" value="1.8"/>
    <property name="os.name" value="Windows 10"/>
    <property name="user.country" value="FR"/>
    <property name="sun.java.launcher" value="SUN_STANDARD"/>
    <property name="sun.boot.library.path" value="D:\projects\VPBX\BTEL\jdk1.8.0_92\jre\bin"/>
    <property name="sun.java.command" value="C:\Users\HUGO~1.DES\AppData\Local\Temp\surefire8830008525774134052\surefirebooter164344856161948281.jar C:\Users\hugo.despagne\AppData\Local\Temp\surefire8830008525774134052 2019-04-16T18-02-34_300-jvmRun1 surefire4927470781818492753tmp surefire_01998078762179337787tmp"/>
    <property name="surefire.test.class.path" value="D:\Alyotech\Formation\dropwizardexpedia\dropwizard-expedia\target\test-classes;D:\Alyotech\Formation\dropwizardexpedia\dropwizard-expedia\target\classes;C:\Users\hugo.despagne\.m2\repository\io\dropwizard\dropwizard-core\1.3.9\dropwizard-core-1.3.9.jar;C:\Users\hugo.despagne\.m2\repository\io\dropwizard\dropwizard-util\1.3.9\dropwizard-util-1.3.9.jar;C:\Users\hugo.despagne\.m2\repository\com\fasterxml\jackson\core\jackson-annotations\2.9.0\jackson-annotations-2.9.0.jar;C:\Users\hugo.despagne\.m2\repository\com\google\guava\guava\24.1.1-jre\guava-24.1.1-jre.jar;C:\Users\hugo.despagne\.m2\repository\org\checkerframework\checker-compat-qual\2.0.0\checker-compat-qual-2.0.0.jar;C:\Users\hugo.despagne\.m2\repository\com\google\errorprone\error_prone_annotations\2.1.3\error_prone_annotations-2.1.3.jar;C:\Users\hugo.despagne\.m2\repository\com\google\j2objc\j2objc-annotations\1.1\j2objc-annotations-1.1.jar;C:\Users\hugo.despagne\.m2\repository\org\codehaus\mojo\animal-sniffer-annotations\1.14\animal-sniffer-annotations-1.14.jar;C:\Users\hugo.despagne\.m2\repository\com\google\code\findbugs\jsr305\3.0.2\jsr305-3.0.2.jar;C:\Users\hugo.despagne\.m2\repository\joda-time\joda-time\2.10.1\joda-time-2.10.1.jar;C:\Users\hugo.despagne\.m2\repository\io\dropwizard\dropwizard-jackson\1.3.9\dropwizard-jackson-1.3.9.jar;C:\Users\hugo.despagne\.m2\repository\com\fasterxml\jackson\core\jackson-core\2.9.8\jackson-core-2.9.8.jar;C:\Users\hugo.despagne\.m2\repository\com\fasterxml\jackson\core\jackson-databind\2.9.8\jackson-databind-2.9.8.jar;C:\Users\hugo.despagne\.m2\repository\com\fasterxml\jackson\datatype\jackson-datatype-guava\2.9.8\jackson-datatype-guava-2.9.8.jar;C:\Users\hugo.despagne\.m2\repository\com\fasterxml\jackson\datatype\jackson-datatype-jsr310\2.9.8\jackson-datatype-jsr310-2.9.8.jar;C:\Users\hugo.despagne\.m2\repository\com\fasterxml\jackson\datatype\jackson-datatype-jdk8\2.9.8\jackson-datatype-jdk8-2.9.8.jar;C:\Users\hugo.despagne\.m2\repository\com\fasterxml\jackson\module\jackson-module-parameter-names\2.9.8\jackson-module-parameter-names-2.9.8.jar;C:\Users\hugo.despagne\.m2\repository\com\fasterxml\jackson\module\jackson-module-afterburner\2.9.8\jackson-module-afterburner-2.9.8.jar;C:\Users\hugo.despagne\.m2\repository\com\fasterxml\jackson\datatype\jackson-datatype-joda\2.9.8\jackson-datatype-joda-2.9.8.jar;C:\Users\hugo.despagne\.m2\repository\org\slf4j\slf4j-api\1.7.26\slf4j-api-1.7.26.jar;C:\Users\hugo.despagne\.m2\repository\io\dropwizard\dropwizard-validation\1.3.9\dropwizard-validation-1.3.9.jar;C:\Users\hugo.despagne\.m2\repository\org\hibernate\hibernate-validator\5.4.3.Final\hibernate-validator-5.4.3.Final.jar;C:\Users\hugo.despagne\.m2\repository\javax\validation\validation-api\1.1.0.Final\validation-api-1.1.0.Final.jar;C:\Users\hugo.despagne\.m2\repository\org\jboss\logging\jboss-logging\3.3.0.Final\jboss-logging-3.3.0.Final.jar;C:\Users\hugo.despagne\.m2\repository\com\fasterxml\classmate\1.3.1\classmate-1.3.1.jar;C:\Users\hugo.despagne\.m2\repository\org\glassfish\javax.el\3.0.0\javax.el-3.0.0.jar;C:\Users\hugo.despagne\.m2\repository\org\javassist\javassist\3.24.1-GA\javassist-3.24.1-GA.jar;C:\Users\hugo.despagne\.m2\repository\io\dropwizard\dropwizard-configuration\1.3.9\dropwizard-configuration-1.3.9.jar;C:\Users\hugo.despagne\.m2\repository\com\fasterxml\jackson\dataformat\jackson-dataformat-yaml\2.9.8\jackson-dataformat-yaml-2.9.8.jar;C:\Users\hugo.despagne\.m2\repository\org\yaml\snakeyaml\1.23\snakeyaml-1.23.jar;C:\Users\hugo.despagne\.m2\repository\org\apache\commons\commons-lang3\3.7\commons-lang3-3.7.jar;C:\Users\hugo.despagne\.m2\repository\org\apache\commons\commons-text\1.2\commons-text-1.2.jar;C:\Users\hugo.despagne\.m2\repository\io\dropwizard\dropwizard-logging\1.3.9\dropwizard-logging-1.3.9.jar;C:\Users\hugo.despagne\.m2\repository\io\dropwizard\metrics\metrics-logback\4.0.5\metrics-logback-4.0.5.jar;C:\Users\hugo.despagne\.m2\repository\org\slf4j\jul-to-slf4j\1.7.26\jul-to-slf4j-1.7.26.jar;C:\Users\hugo.despagne\.m2\repository\ch\qos\logback\logback-core\1.2.3\logback-core-1.2.3.jar;C:\Users\hugo.despagne\.m2\repository\ch\qos\logback\logback-classic\1.2.3\logback-classic-1.2.3.jar;C:\Users\hugo.despagne\.m2\repository\org\slf4j\log4j-over-slf4j\1.7.26\log4j-over-slf4j-1.7.26.jar;C:\Users\hugo.despagne\.m2\repository\org\slf4j\jcl-over-slf4j\1.7.26\jcl-over-slf4j-1.7.26.jar;C:\Users\hugo.despagne\.m2\repository\org\eclipse\jetty\jetty-util\9.4.14.v20181114\jetty-util-9.4.14.v20181114.jar;C:\Users\hugo.despagne\.m2\repository\io\dropwizard\dropwizard-metrics\1.3.9\dropwizard-metrics-1.3.9.jar;C:\Users\hugo.despagne\.m2\repository\io\dropwizard\dropwizard-jersey\1.3.9\dropwizard-jersey-1.3.9.jar;C:\Users\hugo.despagne\.m2\repository\org\glassfish\jersey\core\jersey-server\2.25.1\jersey-server-2.25.1.jar;C:\Users\hugo.despagne\.m2\repository\org\glassfish\jersey\core\jersey-common\2.25.1\jersey-common-2.25.1.jar;C:\Users\hugo.despagne\.m2\repository\org\glassfish\jersey\bundles\repackaged\jersey-guava\2.25.1\jersey-guava-2.25.1.jar;C:\Users\hugo.despagne\.m2\repository\org\glassfish\hk2\osgi-resource-locator\1.0.1\osgi-resource-locator-1.0.1.jar;C:\Users\hugo.despagne\.m2\repository\org\glassfish\jersey\core\jersey-client\2.25.1\jersey-client-2.25.1.jar;C:\Users\hugo.despagne\.m2\repository\javax\ws\rs\javax.ws.rs-api\2.0.1\javax.ws.rs-api-2.0.1.jar;C:\Users\hugo.despagne\.m2\repository\org\glassfish\jersey\media\jersey-media-jaxb\2.25.1\jersey-media-jaxb-2.25.1.jar;C:\Users\hugo.despagne\.m2\repository\javax\annotation\javax.annotation-api\1.2\javax.annotation-api-1.2.jar;C:\Users\hugo.despagne\.m2\repository\org\glassfish\hk2\hk2-api\2.5.0-b32\hk2-api-2.5.0-b32.jar;C:\Users\hugo.despagne\.m2\repository\org\glassfish\hk2\hk2-utils\2.5.0-b32\hk2-utils-2.5.0-b32.jar;C:\Users\hugo.despagne\.m2\repository\org\glassfish\hk2\external\aopalliance-repackaged\2.5.0-b32\aopalliance-repackaged-2.5.0-b32.jar;C:\Users\hugo.despagne\.m2\repository\org\glassfish\hk2\external\javax.inject\2.5.0-b32\javax.inject-2.5.0-b32.jar;C:\Users\hugo.despagne\.m2\repository\org\glassfish\hk2\hk2-locator\2.5.0-b32\hk2-locator-2.5.0-b32.jar;C:\Users\hugo.despagne\.m2\repository\org\glassfish\jersey\ext\jersey-metainf-services\2.25.1\jersey-metainf-services-2.25.1.jar;C:\Users\hugo.despagne\.m2\repository\org\glassfish\jersey\ext\jersey-bean-validation\2.25.1\jersey-bean-validation-2.25.1.jar;C:\Users\hugo.despagne\.m2\repository\io\dropwizard\metrics\metrics-jersey2\4.0.5\metrics-jersey2-4.0.5.jar;C:\Users\hugo.despagne\.m2\repository\com\fasterxml\jackson\jaxrs\jackson-jaxrs-json-provider\2.9.8\jackson-jaxrs-json-provider-2.9.8.jar;C:\Users\hugo.despagne\.m2\repository\com\fasterxml\jackson\jaxrs\jackson-jaxrs-base\2.9.8\jackson-jaxrs-base-2.9.8.jar;C:\Users\hugo.despagne\.m2\repository\com\fasterxml\jackson\module\jackson-module-jaxb-annotations\2.9.8\jackson-module-jaxb-annotations-2.9.8.jar;C:\Users\hugo.despagne\.m2\repository\org\glassfish\jersey\containers\jersey-container-servlet\2.25.1\jersey-container-servlet-2.25.1.jar;C:\Users\hugo.despagne\.m2\repository\org\glassfish\jersey\containers\jersey-container-servlet-core\2.25.1\jersey-container-servlet-core-2.25.1.jar;C:\Users\hugo.despagne\.m2\repository\org\eclipse\jetty\jetty-server\9.4.14.v20181114\jetty-server-9.4.14.v20181114.jar;C:\Users\hugo.despagne\.m2\repository\javax\servlet\javax.servlet-api\3.1.0\javax.servlet-api-3.1.0.jar;C:\Users\hugo.despagne\.m2\repository\org\eclipse\jetty\jetty-io\9.4.14.v20181114\jetty-io-9.4.14.v20181114.jar;C:\Users\hugo.despagne\.m2\repository\org\eclipse\jetty\jetty-webapp\9.4.14.v20181114\jetty-webapp-9.4.14.v20181114.jar;C:\Users\hugo.despagne\.m2\repository\org\eclipse\jetty\jetty-xml\9.4.14.v20181114\jetty-xml-9.4.14.v20181114.jar;C:\Users\hugo.despagne\.m2\repository\org\eclipse\jetty\jetty-continuation\9.4.14.v20181114\jetty-continuation-9.4.14.v20181114.jar;C:\Users\hugo.despagne\.m2\repository\io\dropwizard\dropwizard-servlets\1.3.9\dropwizard-servlets-1.3.9.jar;C:\Users\hugo.despagne\.m2\repository\io\dropwizard\metrics\metrics-annotation\4.0.5\metrics-annotation-4.0.5.jar;C:\Users\hugo.despagne\.m2\repository\io\dropwizard\dropwizard-jetty\1.3.9\dropwizard-jetty-1.3.9.jar;C:\Users\hugo.despagne\.m2\repository\io\dropwizard\metrics\metrics-jetty9\4.0.5\metrics-jetty9-4.0.5.jar;C:\Users\hugo.despagne\.m2\repository\org\eclipse\jetty\jetty-servlet\9.4.14.v20181114\jetty-servlet-9.4.14.v20181114.jar;C:\Users\hugo.despagne\.m2\repository\org\eclipse\jetty\jetty-security\9.4.14.v20181114\jetty-security-9.4.14.v20181114.jar;C:\Users\hugo.despagne\.m2\repository\org\eclipse\jetty\jetty-servlets\9.4.14.v20181114\jetty-servlets-9.4.14.v20181114.jar;C:\Users\hugo.despagne\.m2\repository\org\eclipse\jetty\jetty-http\9.4.14.v20181114\jetty-http-9.4.14.v20181114.jar;C:\Users\hugo.despagne\.m2\repository\io\dropwizard\dropwizard-lifecycle\1.3.9\dropwizard-lifecycle-1.3.9.jar;C:\Users\hugo.despagne\.m2\repository\io\dropwizard\metrics\metrics-core\4.0.5\metrics-core-4.0.5.jar;C:\Users\hugo.despagne\.m2\repository\io\dropwizard\metrics\metrics-jvm\4.0.5\metrics-jvm-4.0.5.jar;C:\Users\hugo.despagne\.m2\repository\io\dropwizard\metrics\metrics-jmx\4.0.5\metrics-jmx-4.0.5.jar;C:\Users\hugo.despagne\.m2\repository\io\dropwizard\metrics\metrics-servlets\4.0.5\metrics-servlets-4.0.5.jar;C:\Users\hugo.despagne\.m2\repository\io\dropwizard\metrics\metrics-json\4.0.5\metrics-json-4.0.5.jar;C:\Users\hugo.despagne\.m2\repository\com\papertrail\profiler\1.0.2\profiler-1.0.2.jar;C:\Users\hugo.despagne\.m2\repository\io\dropwizard\metrics\metrics-healthchecks\4.0.5\metrics-healthchecks-4.0.5.jar;C:\Users\hugo.despagne\.m2\repository\io\dropwizard\dropwizard-request-logging\1.3.9\dropwizard-request-logging-1.3.9.jar;C:\Users\hugo.despagne\.m2\repository\ch\qos\logback\logback-access\1.2.3\logback-access-1.2.3.jar;C:\Users\hugo.despagne\.m2\repository\net\sourceforge\argparse4j\argparse4j\0.8.1\argparse4j-0.8.1.jar;C:\Users\hugo.despagne\.m2\repository\org\eclipse\jetty\toolchain\setuid\jetty-setuid-java\1.0.3\jetty-setuid-java-1.0.3.jar;C:\Users\hugo.despagne\.m2\repository\org\json\json\20180813\json-20180813.jar;C:\Users\hugo.despagne\.m2\repository\org\junit\jupiter\junit-jupiter-engine\5.4.1\junit-jupiter-engine-5.4.1.jar;C:\Users\hugo.despagne\.m2\repository\org\apiguardian\apiguardian-api\1.0.0\apiguardian-api-1.0.0.jar;C:\Users\hugo.despagne\.m2\repository\org\junit\platform\junit-platform-engine\1.4.1\junit-platform-engine-1.4.1.jar;C:\Users\hugo.despagne\.m2\repository\org\opentest4j\opentest4j\1.1.1\opentest4j-1.1.1.jar;C:\Users\hugo.despagne\.m2\repository\org\junit\platform\junit-platform-commons\1.4.1\junit-platform-commons-1.4.1.jar;C:\Users\hugo.despagne\.m2\repository\org\junit\jupiter\junit-jupiter-api\5.4.1\junit-jupiter-api-5.4.1.jar;C:\Users\hugo.despagne\.m2\repository\org\mockito\mockito-core\2.27.0\mockito-core-2.27.0.jar;C:\Users\hugo.despagne\.m2\repository\net\bytebuddy\byte-buddy\1.9.10\byte-buddy-1.9.10.jar;C:\Users\hugo.despagne\.m2\repository\net\bytebuddy\byte-buddy-agent\1.9.10\byte-buddy-agent-1.9.10.jar;C:\Users\hugo.despagne\.m2\repository\org\objenesis\objenesis\2.6\objenesis-2.6.jar;C:\Users\hugo.despagne\.m2\repository\org\assertj\assertj-core\3.12.2\assertj-core-3.12.2.jar;"/>
    <property name="sun.cpu.endian" value="little"/>
    <property name="user.home" value="C:\Users\hugo.despagne"/>
    <property name="user.language" value="fr"/>
    <property name="java.specification.vendor" value="Oracle Corporation"/>
    <property name="java.home" value="D:\projects\VPBX\BTEL\jdk1.8.0_92\jre"/>
    <property name="basedir" value="D:\Alyotech\Formation\dropwizardexpedia\dropwizard-expedia"/>
    <property name="file.separator" value="\"/>
    <property name="line.separator" value="&#10;"/>
    <property name="java.vm.specification.vendor" value="Oracle Corporation"/>
    <property name="java.specification.name" value="Java Platform API Specification"/>
    <property name="java.awt.graphicsenv" value="sun.awt.Win32GraphicsEnvironment"/>
    <property name="surefire.real.class.path" value="C:\Users\HUGO~1.DES\AppData\Local\Temp\surefire8830008525774134052\surefirebooter164344856161948281.jar"/>
    <property name="sun.boot.class.path" value="D:\projects\VPBX\BTEL\jdk1.8.0_92\jre\lib\resources.jar;D:\projects\VPBX\BTEL\jdk1.8.0_92\jre\lib\rt.jar;D:\projects\VPBX\BTEL\jdk1.8.0_92\jre\lib\sunrsasign.jar;D:\projects\VPBX\BTEL\jdk1.8.0_92\jre\lib\jsse.jar;D:\projects\VPBX\BTEL\jdk1.8.0_92\jre\lib\jce.jar;D:\projects\VPBX\BTEL\jdk1.8.0_92\jre\lib\charsets.jar;D:\projects\VPBX\BTEL\jdk1.8.0_92\jre\lib\jfr.jar;D:\projects\VPBX\BTEL\jdk1.8.0_92\jre\classes"/>
    <property name="user.script" value=""/>
    <property name="sun.management.compiler" value="HotSpot 64-Bit Tiered Compilers"/>
    <property name="java.runtime.version" value="1.8.0_92-b14"/>
    <property name="user.name" value="hugo.despagne"/>
    <property name="path.separator" value=";"/>
    <property name="os.version" value="10.0"/>
    <property name="java.endorsed.dirs" value="D:\projects\VPBX\BTEL\jdk1.8.0_92\jre\lib\endorsed"/>
    <property name="java.runtime.name" value="Java(TM) SE Runtime Environment"/>
    <property name="file.encoding" value="Cp1252"/>
    <property name="java.vm.name" value="Java HotSpot(TM) 64-Bit Server VM"/>
    <property name="localRepository" value="C:\Users\hugo.despagne\.m2\repository"/>
    <property name="java.vendor.url.bug" value="http://bugreport.sun.com/bugreport/"/>
    <property name="java.io.tmpdir" value="C:\Users\HUGO~1.DES\AppData\Local\Temp\"/>
    <property name="idea.version" value="2018.3.5"/>
    <property name="java.version" value="1.8.0_92"/>
    <property name="user.dir" value="D:\Alyotech\Formation\dropwizardexpedia\dropwizard-expedia"/>
    <property name="os.arch" value="amd64"/>
    <property name="java.vm.specification.name" value="Java Virtual Machine Specification"/>
    <property name="java.awt.printerjob" value="sun.awt.windows.WPrinterJob"/>
    <property name="sun.os.patch.level" value=""/>
    <property name="java.library.path" value="D:\projects\VPBX\BTEL\jdk1.8.0_92\jre\bin;C:\windows\Sun\Java\bin;C:\windows\system32;C:\windows;C:\ProgramData\DockerDesktop\version-bin;C:\Program Files\Docker\Docker\Resources\bin;C:\ProgramData\Oracle\Java\javapath;C:\windows\system32;C:\windows;C:\windows\System32\Wbem;C:\windows\System32\WindowsPowerShell\v1.0\;C:\windows\System32\OpenSSH\;C:\Program Files\TortoiseSVN\bin;C:\Program Files\nodejs\;C:\Users\hugo.despagne\AppData\Local\Microsoft\WindowsApps;C:\Users\hugo.despagne\AppData\Local\Programs\Microsoft VS Code\bin;C:\Users\hugo.despagne\AppData\Local\Programs\Git\cmd;%DASHLANE_DLL_DIR%;C:\Users\hugo.despagne\AppData\Roaming\npm;."/>
    <property name="java.vm.info" value="mixed mode"/>
    <property name="java.vendor" value="Oracle Corporation"/>
    <property name="java.vm.version" value="25.92-b14"/>
    <property name="java.ext.dirs" value="D:\projects\VPBX\BTEL\jdk1.8.0_92\jre\lib\ext;C:\windows\Sun\Java\lib\ext"/>
    <property name="sun.io.unicode.encoding" value="UnicodeLittle"/>
    <property name="java.class.version" value="52.0"/>
  </properties>
  <testcase name="shouldAnswerWithTrue" classname="org.despagnehugo.AppTest" time="0.009"/>
</testsuite>